<?xml version="1.0" encoding="UTF-8"?>
<!-- Generated by org.testng.reporters.JUnitReportReporter -->
<testsuite skipped="0" hostname="Snehasis-Lapy" name="com.gm.testCases.TC_LoginTest_001" tests="1" failures="0" timestamp="2021-03-16T13:16:39 IST" time="18.031" errors="0">
  <testcase name="loginTest" time="18.031" classname="com.gm.testCases.TC_LoginTest_001"/>
  <system-out/>
</testsuite> <!-- com.gm.testCases.TC_LoginTest_001 -->
